<?xml version="1.0" encoding="UTF-8"?>
<!-- Generated by org.testng.reporters.JUnitReportReporter -->
<testsuite hostname="DESKTOP-1U930D3" failures="0" tests="3" name="practice.DataProviderUsingExcel" time="0.011" errors="0" timestamp="2023-04-13T23:03:39 GMT-07:00" skipped="0">
  <testcase classname="practice.DataProviderUsingExcel" name="BookTickets" time="0.007"/>
  <system-out/>
  <testcase classname="practice.DataProviderUsingExcel" name="BookTickets" time="0.002"/>
  <system-out/>
  <testcase classname="practice.DataProviderUsingExcel" name="BookTickets" time="0.002"/>
  <system-out/>
</testsuite> <!-- practice.DataProviderUsingExcel -->
