<?xml version="1.0" encoding="UTF-8"?>
<!-- Generated by org.testng.reporters.JUnitReportReporter -->
<testsuite hostname="DESKTOP-1U930D3" failures="0" tests="1" name="Campaigns.CreateCampWithProdTest" time="32.419" errors="0" timestamp="2023-04-19T19:47:57 IST" skipped="0">
  <testcase classname="Campaigns.CreateCampWithProdTest" name="createCampWithProdTest" time="32.419"/>
  <system-out/>
</testsuite> <!-- Campaigns.CreateCampWithProdTest -->
