<?xml version="1.0" encoding="UTF-8"?>
<!-- Generated by org.testng.reporters.JUnitReportReporter -->
<testsuite hostname="DESKTOP-1U930D3" failures="0" tests="1" name="Products.CreateProductTest" time="25.621" errors="0" timestamp="2023-04-13T04:29:45 GMT-07:00" skipped="0">
  <testcase classname="Products.CreateProductTest" name="createProductTest" time="25.621"/>
  <system-out/>
</testsuite> <!-- Products.CreateProductTest -->
