<?xml version="1.0" encoding="UTF-8"?>
<!-- Generated by org.testng.reporters.JUnitReportReporter -->
<testsuite hostname="DESKTOP-1U930D3" failures="0" tests="1" name="Products.CreateAndDeleteProductTest" time="41.304" errors="0" timestamp="2023-04-19T19:47:57 IST" skipped="0">
  <testcase classname="Products.CreateAndDeleteProductTest" name="createAndDeleteProductTest" time="41.304"/>
  <system-out/>
</testsuite> <!-- Products.CreateAndDeleteProductTest -->
