<?xml version="1.0" encoding="UTF-8"?>
<!-- Generated by org.testng.reporters.JUnitReportReporter -->
<testsuite hostname="DESKTOP-1U930D3" failures="0" tests="3" name="practice.DataProviderExample2" time="0.009" errors="0" timestamp="2023-04-12T08:20:58 GMT-07:00" skipped="0">
  <testcase classname="practice.DataProviderExample2" name="BookTickets" time="0.002"/>
  <system-out/>
  <testcase classname="practice.DataProviderExample2" name="BookTickets" time="0.006"/>
  <system-out/>
  <testcase classname="practice.DataProviderExample2" name="BookTickets" time="0.001"/>
  <system-out/>
</testsuite> <!-- practice.DataProviderExample2 -->
