<?xml version="1.0" encoding="UTF-8"?>
<!-- Generated by org.testng.reporters.JUnitReportReporter -->
<testsuite hostname="DESKTOP-1U930D3" failures="0" tests="1" name="Campaigns.CreateCampaignTest" time="17.134" errors="0" timestamp="2023-04-13T04:58:03 GMT-07:00" skipped="0">
  <testcase classname="Campaigns.CreateCampaignTest" name="createCampaignTest" time="17.134"/>
  <system-out/>
</testsuite> <!-- Campaigns.CreateCampaignTest -->
