<?xml version="1.0" encoding="UTF-8"?>
<!-- Generated by org.testng.reporters.JUnitReportReporter -->
<testsuite hostname="DESKTOP-1U930D3" failures="0" tests="3" name="practice.DataProviderExample" time="0.008" errors="0" timestamp="2023-04-12T07:50:31 GMT-07:00" skipped="0">
  <testcase classname="practice.DataProviderExample" name="BookTickets" time="0.007"/>
  <system-out/>
  <testcase classname="practice.DataProviderExample" name="BookTickets" time="0.001"/>
  <system-out/>
  <testcase classname="practice.DataProviderExample" name="BookTickets" time="0.000"/>
  <system-out/>
</testsuite> <!-- practice.DataProviderExample -->
