<?xml version="1.0" encoding="UTF-8"?>
<!-- Generated by org.testng.reporters.JUnitReportReporter -->
<testsuite hostname="DESKTOP-1U930D3" failures="0" tests="5" name="practice.SampleTestNg" time="0.013" errors="0" timestamp="2023-04-06T07:36:09 GMT-07:00" skipped="0">
  <testcase classname="practice.SampleTestNg" name="deleteContact" time="0.001"/>
  <system-out/>
  <testcase classname="practice.SampleTestNg" name="createContact" time="0.001"/>
  <system-out/>
  <testcase classname="practice.SampleTestNg" name="createContact" time="0.009"/>
  <system-out/>
  <testcase classname="practice.SampleTestNg" name="createContact" time="0.001"/>
  <system-out/>
  <testcase classname="practice.SampleTestNg" name="modifyContact" time="0.001"/>
  <system-out/>
</testsuite> <!-- practice.SampleTestNg -->
