<?xml version="1.0" encoding="UTF-8"?>
<!-- Generated by org.testng.reporters.JUnitReportReporter -->
<testsuite hostname="DESKTOP-1U930D3" failures="0" tests="1" name="practice.AmazonIphones" time="44.200" errors="0" timestamp="2023-04-14T19:49:55 IST" skipped="0">
  <testcase classname="practice.AmazonIphones" name="amazonIphones" time="44.200"/>
  <system-out/>
</testsuite> <!-- practice.AmazonIphones -->
