<?xml version="1.0" encoding="UTF-8"?>
<!-- Generated by org.testng.reporters.JUnitReportReporter -->
<testsuite hostname="DESKTOP-1U930D3" failures="0" tests="1" name="Organizations.CreateOrganizationTest" time="19.668" errors="0" timestamp="2023-04-21T18:13:50 IST" skipped="0">
  <testcase classname="Organizations.CreateOrganizationTest" name="createOrganizationTest" time="19.668"/>
  <system-out/>
</testsuite> <!-- Organizations.CreateOrganizationTest -->
