<?xml version="1.0" encoding="UTF-8"?>
<!-- Generated by org.testng.reporters.JUnitReportReporter -->
<testsuite hostname="DESKTOP-1U930D3" failures="0" tests="1" name="practice.HardAssert" time="0.010" errors="0" timestamp="2023-04-11T08:08:53 GMT-07:00" skipped="0">
  <testcase classname="practice.HardAssert" name="m1" time="0.010"/>
  <system-out/>
</testsuite> <!-- practice.HardAssert -->
